Started GET "/" for 127.0.0.1 at 2024-04-08 11:52:55 -0600
  [1m[35m (32.2ms)[0m  [1m[35mCREATE TABLE "schema_migrations" ("version" varchar NOT NULL PRIMARY KEY)[0m
  [1m[35m (0.6ms)[0m  [1m[35mCREATE TABLE "ar_internal_metadata" ("key" varchar NOT NULL PRIMARY KEY, "value" varchar, "created_at" datetime(6) NOT NULL, "updated_at" datetime(6) NOT NULL)[0m
  [1m[36mActiveRecord::SchemaMigration Load (0.8ms)[0m  [1m[34mSELECT "schema_migrations"."version" FROM "schema_migrations" ORDER BY "schema_migrations"."version" ASC[0m
Processing by Rails::WelcomeController#index as HTML
  Rendering /home/brian/.asdf/installs/ruby/3.3.0/lib/ruby/gems/3.3.0/gems/railties-7.1.3.2/lib/rails/templates/rails/welcome/index.html.erb
  Rendered /home/brian/.asdf/installs/ruby/3.3.0/lib/ruby/gems/3.3.0/gems/railties-7.1.3.2/lib/rails/templates/rails/welcome/index.html.erb (Duration: 2.1ms | Allocations: 374)
Completed 200 OK in 155ms (Views: 55.9ms | ActiveRecord: 0.0ms | Allocations: 7754)


Started GET "/articles" for 127.0.0.1 at 2024-04-08 12:33:07 -0600
  [1m[36mActiveRecord::SchemaMigration Load (0.2ms)[0m  [1m[34mSELECT "schema_migrations"."version" FROM "schema_migrations" ORDER BY "schema_migrations"."version" ASC[0m
Processing by ArticlesController#index as HTML
  Rendering layout layouts/application.html.erb
  Rendering articles/index.html.erb within layouts/application
  Rendered articles/index.html.erb within layouts/application (Duration: 3.8ms | Allocations: 183)
  Rendered layout layouts/application.html.erb (Duration: 982.0ms | Allocations: 91372)
Completed 200 OK in 1035ms (Views: 997.7ms | ActiveRecord: 0.0ms | Allocations: 95492)


Started GET "/" for 127.0.0.1 at 2024-04-08 12:35:53 -0600
  [1m[36mActiveRecord::SchemaMigration Load (0.2ms)[0m  [1m[34mSELECT "schema_migrations"."version" FROM "schema_migrations" ORDER BY "schema_migrations"."version" ASC[0m
Processing by ArticlesController#index as HTML
  Rendering layout layouts/application.html.erb
  Rendering articles/index.html.erb within layouts/application
  Rendered articles/index.html.erb within layouts/application (Duration: 0.6ms | Allocations: 183)
  Rendered layout layouts/application.html.erb (Duration: 173.6ms | Allocations: 35946)
Completed 200 OK in 191ms (Views: 181.0ms | ActiveRecord: 0.0ms | Allocations: 40066)


  [1m[36mActiveRecord::InternalMetadata Load (0.3ms)[0m  [1m[34mSELECT * FROM "ar_internal_metadata" WHERE "ar_internal_metadata"."key" = ? ORDER BY "ar_internal_metadata"."key" ASC LIMIT 1[0m  [[nil, "environment"]]
  [1m[36mActiveRecord::InternalMetadata Create (41.7ms)[0m  [1m[32mINSERT INTO "ar_internal_metadata" ("key", "value", "created_at", "updated_at") VALUES ('environment', 'development', '2024-04-08 19:39:26.274115', '2024-04-08 19:39:26.274121') RETURNING "key"[0m
  [1m[36mActiveRecord::SchemaMigration Load (0.2ms)[0m  [1m[34mSELECT "schema_migrations"."version" FROM "schema_migrations" ORDER BY "schema_migrations"."version" ASC[0m
Migrating to CreateArticles (20240408184132)
  [1m[36mTRANSACTION (0.1ms)[0m  [1m[36mbegin transaction[0m
  [1m[35m (1.7ms)[0m  [1m[35mCREATE TABLE "articles" ("id" integer PRIMARY KEY AUTOINCREMENT NOT NULL, "title" varchar, "body" text, "created_at" datetime(6) NOT NULL, "updated_at" datetime(6) NOT NULL)[0m
  [1m[36mActiveRecord::SchemaMigration Create (0.1ms)[0m  [1m[32mINSERT INTO "schema_migrations" ("version") VALUES ('20240408184132') RETURNING "version"[0m
  [1m[36mTRANSACTION (0.2ms)[0m  [1m[36mcommit transaction[0m
  [1m[36mActiveRecord::SchemaMigration Load (0.1ms)[0m  [1m[34mSELECT "schema_migrations"."version" FROM "schema_migrations" ORDER BY "schema_migrations"."version" ASC[0m
  [1m[36mTRANSACTION (0.1ms)[0m  [1m[36mbegin transaction[0m
  [1m[36mArticle Create (1.0ms)[0m  [1m[32mINSERT INTO "articles" ("title", "body", "created_at", "updated_at") VALUES (?, ?, ?, ?) RETURNING "id"[0m  [["title", "Hello Rails"], ["body", "I am on Rails!"], ["created_at", "2024-04-08 19:44:14.998695"], ["updated_at", "2024-04-08 19:44:14.998695"]]
  [1m[36mTRANSACTION (0.2ms)[0m  [1m[36mcommit transaction[0m
  [1m[36mArticle Load (0.2ms)[0m  [1m[34mSELECT "articles".* FROM "articles" WHERE "articles"."id" = ? LIMIT ?[0m  [["id", 1], ["LIMIT", 1]]
  [1m[36mArticle Load (0.2ms)[0m  [1m[34mSELECT "articles".* FROM "articles" /* loading for pp */ LIMIT ?[0m  [["LIMIT", 11]]
Started GET "/" for 127.0.0.1 at 2024-04-08 13:53:05 -0600
  [1m[36mActiveRecord::SchemaMigration Load (0.2ms)[0m  [1m[34mSELECT "schema_migrations"."version" FROM "schema_migrations" ORDER BY "schema_migrations"."version" ASC[0m
Processing by ArticlesController#index as HTML
  Rendering layout layouts/application.html.erb
  Rendering articles/index.html.erb within layouts/application
  [1m[36mArticle Load (0.3ms)[0m  [1m[34mSELECT "articles".* FROM "articles"[0m
  ↳ app/views/articles/index.html.erb:4
  Rendered articles/index.html.erb within layouts/application (Duration: 97.2ms | Allocations: 9686)
  Rendered layout layouts/application.html.erb (Duration: 243.7ms | Allocations: 43924)
Completed 200 OK in 320ms (Views: 260.1ms | ActiveRecord: 6.9ms | Allocations: 53738)


Started GET "/" for 127.0.0.1 at 2024-04-08 13:53:26 -0600
Processing by ArticlesController#index as HTML
  Rendering layout layouts/application.html.erb
  Rendering articles/index.html.erb within layouts/application
  [1m[36mArticle Load (0.2ms)[0m  [1m[34mSELECT "articles".* FROM "articles"[0m
  ↳ app/views/articles/index.html.erb:4
  Rendered articles/index.html.erb within layouts/application (Duration: 4.8ms | Allocations: 420)
  Rendered layout layouts/application.html.erb (Duration: 13.0ms | Allocations: 1675)
Completed 200 OK in 16ms (Views: 14.5ms | ActiveRecord: 0.1ms | Allocations: 1938)


Started GET "/articles" for 127.0.0.1 at 2024-04-08 13:53:38 -0600
Processing by ArticlesController#index as HTML
  Rendering layout layouts/application.html.erb
  Rendering articles/index.html.erb within layouts/application
  [1m[36mArticle Load (0.4ms)[0m  [1m[34mSELECT "articles".* FROM "articles"[0m
  ↳ app/views/articles/index.html.erb:4
  Rendered articles/index.html.erb within layouts/application (Duration: 4.3ms | Allocations: 418)
  Rendered layout layouts/application.html.erb (Duration: 9.0ms | Allocations: 1698)
Completed 200 OK in 13ms (Views: 10.6ms | ActiveRecord: 0.4ms | Allocations: 1962)


Started GET "/articles/index" for 127.0.0.1 at 2024-04-08 13:53:44 -0600
  
ActionController::RoutingError (No route matches [GET] "/articles/index"):
  
Started GET "/articles/1" for 127.0.0.1 at 2024-04-08 14:05:39 -0600
  
SyntaxError (/home/brian/blog/config/routes.rb:32: syntax error, unexpected local variable or method, expecting `end' or dummy end
  get "/articles/:id" to: "articles#show"
                      ^~
):
  
config/routes.rb:32: syntax error, unexpected local variable or method, expecting `end' or dummy end
Started GET "/articles/1" for 127.0.0.1 at 2024-04-08 14:06:50 -0600
  
ArgumentError (Invalid route name, already in use: 'root' 
You may have defined two routes with the same name using the `:as` option, or you may be overriding a route already defined by a resource with the same naming. For the latter, you can restrict the routes created with `resources` as explained here: 
https://guides.rubyonrails.org/routing.html#restricting-the-routes-created):
  
config/routes.rb:29:in `block in <main>'
config/routes.rb:28:in `<main>'
Started GET "/articles/1" for 127.0.0.1 at 2024-04-08 14:07:55 -0600
Processing by ArticlesController#show as HTML
  Parameters: {"id"=>"1"}
  [1m[36mArticle Load (2.0ms)[0m  [1m[34mSELECT "articles".* FROM "articles" WHERE "articles"."id" = ? LIMIT ?[0m  [["id", 1], ["LIMIT", 1]]
  ↳ app/controllers/articles_controller.rb:7:in `show'
  Rendering layout layouts/application.html.erb
  Rendering articles/show.html.erb within layouts/application
  Rendered articles/show.html.erb within layouts/application (Duration: 0.6ms | Allocations: 141)
  Rendered layout layouts/application.html.erb (Duration: 20.9ms | Allocations: 15014)
Completed 200 OK in 51ms (Views: 24.1ms | ActiveRecord: 2.9ms | Allocations: 21216)


Started GET "/articles/0" for 127.0.0.1 at 2024-04-08 14:08:34 -0600
Processing by ArticlesController#show as HTML
  Parameters: {"id"=>"0"}
  [1m[36mArticle Load (0.2ms)[0m  [1m[34mSELECT "articles".* FROM "articles" WHERE "articles"."id" = ? LIMIT ?[0m  [["id", 0], ["LIMIT", 1]]
  ↳ app/controllers/articles_controller.rb:7:in `show'
Completed 404 Not Found in 10ms (ActiveRecord: 0.2ms | Allocations: 864)


  
ActiveRecord::RecordNotFound (Couldn't find Article with 'id'=0):
  
app/controllers/articles_controller.rb:7:in `show'
Started GET "/articles" for 127.0.0.1 at 2024-04-08 14:09:07 -0600
Processing by ArticlesController#index as HTML
  Rendering layout layouts/application.html.erb
  Rendering articles/index.html.erb within layouts/application
  [1m[36mArticle Load (0.3ms)[0m  [1m[34mSELECT "articles".* FROM "articles"[0m
  ↳ app/views/articles/index.html.erb:4
  Rendered articles/index.html.erb within layouts/application (Duration: 4.4ms | Allocations: 608)
  Rendered layout layouts/application.html.erb (Duration: 14.3ms | Allocations: 1864)
Completed 200 OK in 17ms (Views: 15.1ms | ActiveRecord: 0.3ms | Allocations: 2186)


Started GET "/articles" for 127.0.0.1 at 2024-04-08 14:09:11 -0600
Processing by ArticlesController#index as HTML
  Rendering layout layouts/application.html.erb
  Rendering articles/index.html.erb within layouts/application
  [1m[36mArticle Load (0.1ms)[0m  [1m[34mSELECT "articles".* FROM "articles"[0m
  ↳ app/views/articles/index.html.erb:4
  Rendered articles/index.html.erb within layouts/application (Duration: 1.7ms | Allocations: 418)
  Rendered layout layouts/application.html.erb (Duration: 6.0ms | Allocations: 1677)
Completed 200 OK in 10ms (Views: 7.9ms | ActiveRecord: 0.1ms | Allocations: 1938)


Started GET "/articles" for 127.0.0.1 at 2024-04-08 14:09:41 -0600
  
ArgumentError (Missing :controller key on routes definition, please check your routes.):
  
config/routes.rb:29:in `block in <main>'
config/routes.rb:28:in `<main>'
Started GET "/articles" for 127.0.0.1 at 2024-04-08 14:09:51 -0600
Processing by ArticlesController#index as HTML
  Rendering layout layouts/application.html.erb
  Rendering articles/index.html.erb within layouts/application
  [1m[36mArticle Load (4.3ms)[0m  [1m[34mSELECT "articles".* FROM "articles"[0m
  ↳ app/views/articles/index.html.erb:4
  Rendered articles/index.html.erb within layouts/application (Duration: 39.6ms | Allocations: 3422)
  Rendered layout layouts/application.html.erb (Duration: 117.6ms | Allocations: 18335)
Completed 200 OK in 128ms (Views: 112.5ms | ActiveRecord: 9.6ms | Allocations: 19937)


Started GET "/articles" for 127.0.0.1 at 2024-04-08 14:09:53 -0600
Processing by ArticlesController#index as HTML
  Rendering layout layouts/application.html.erb
  Rendering articles/index.html.erb within layouts/application
  [1m[36mArticle Load (0.2ms)[0m  [1m[34mSELECT "articles".* FROM "articles"[0m
  ↳ app/views/articles/index.html.erb:4
  Rendered articles/index.html.erb within layouts/application (Duration: 6.2ms | Allocations: 413)
  Rendered layout layouts/application.html.erb (Duration: 10.7ms | Allocations: 1659)
Completed 200 OK in 14ms (Views: 12.7ms | ActiveRecord: 0.2ms | Allocations: 1913)


Started GET "/articles/1" for 127.0.0.1 at 2024-04-08 14:09:57 -0600
  
ActionController::RoutingError (No route matches [GET] "/articles/1"):
  
Started GET "/articles/1" for 127.0.0.1 at 2024-04-08 14:10:05 -0600
  
ActionController::RoutingError (No route matches [GET] "/articles/1"):
  
Started GET "/articles/1" for 127.0.0.1 at 2024-04-08 14:10:27 -0600
  
ArgumentError (Missing :controller key on routes definition, please check your routes.):
  
config/routes.rb:3:in `block in <main>'
config/routes.rb:2:in `<main>'
Started GET "/articles/1" for 127.0.0.1 at 2024-04-08 14:10:59 -0600
Processing by ArticlesController#show as HTML
  Parameters: {"id"=>"1"}
  [1m[36mArticle Load (1.3ms)[0m  [1m[34mSELECT "articles".* FROM "articles" WHERE "articles"."id" = ? LIMIT ?[0m  [["id", 1], ["LIMIT", 1]]
  ↳ app/controllers/articles_controller.rb:7:in `show'
  Rendering layout layouts/application.html.erb
  Rendering articles/show.html.erb within layouts/application
  Rendered articles/show.html.erb within layouts/application (Duration: 1.1ms | Allocations: 136)
  Rendered layout layouts/application.html.erb (Duration: 47.1ms | Allocations: 15021)
Completed 200 OK in 80ms (Views: 50.7ms | ActiveRecord: 8.5ms | Allocations: 20387)


Started GET "/articles/1" for 127.0.0.1 at 2024-04-08 14:45:21 -0600
  [1m[36mActiveRecord::SchemaMigration Load (0.3ms)[0m  [1m[34mSELECT "schema_migrations"."version" FROM "schema_migrations" ORDER BY "schema_migrations"."version" ASC[0m
  
SyntaxError (/home/brian/blog/app/controllers/articles_controller.rb:29: syntax error, unexpected `end'):
  
app/controllers/articles_controller.rb:29: syntax error, unexpected `end'
Started GET "/articles/1" for 127.0.0.1 at 2024-04-08 14:45:52 -0600
Processing by ArticlesController#show as HTML
  Parameters: {"id"=>"1"}
  [1m[36mArticle Load (0.2ms)[0m  [1m[34mSELECT "articles".* FROM "articles" WHERE "articles"."id" = ? LIMIT ?[0m  [["id", 1], ["LIMIT", 1]]
  ↳ app/controllers/articles_controller.rb:7:in `show'
  Rendering layout layouts/application.html.erb
  Rendering articles/show.html.erb within layouts/application
  Rendered articles/show.html.erb within layouts/application (Duration: 0.7ms | Allocations: 155)
  Rendered layout layouts/application.html.erb (Duration: 251.5ms | Allocations: 33220)
Completed 200 OK in 326ms (Views: 255.5ms | ActiveRecord: 4.4ms | Allocations: 51890)


Started GET "/articles/new" for 127.0.0.1 at 2024-04-08 15:03:43 -0600
  [1m[36mActiveRecord::SchemaMigration Load (0.2ms)[0m  [1m[34mSELECT "schema_migrations"."version" FROM "schema_migrations" ORDER BY "schema_migrations"."version" ASC[0m
Processing by ArticlesController#new as HTML
  Rendering layout layouts/application.html.erb
  Rendering articles/new.html.erb within layouts/application
  Rendered articles/new.html.erb within layouts/application (Duration: 73.7ms | Allocations: 3877)
  Rendered layout layouts/application.html.erb (Duration: 260.4ms | Allocations: 36750)
Completed 200 OK in 404ms (Views: 269.1ms | ActiveRecord: 9.6ms | Allocations: 54520)


Started POST "/articles" for 127.0.0.1 at 2024-04-08 15:03:55 -0600
Processing by ArticlesController#create as TURBO_STREAM
  Parameters: {"authenticity_token"=>"[FILTERED]", "article"=>{"title"=>"", "body"=>""}, "commit"=>"Create Article"}
  Rendering layout layouts/application.html.erb
  Rendering articles/new.html.erb within layouts/application
  Rendered articles/new.html.erb within layouts/application (Duration: 6.3ms | Allocations: 3027)
  Rendered layout layouts/application.html.erb (Duration: 8.6ms | Allocations: 4108)
Completed 422 Unprocessable Entity in 12ms (Views: 9.4ms | ActiveRecord: 0.0ms | Allocations: 5575)


Started GET "/articles/new" for 127.0.0.1 at 2024-04-08 15:08:18 -0600
  [1m[36mActiveRecord::SchemaMigration Load (0.3ms)[0m  [1m[34mSELECT "schema_migrations"."version" FROM "schema_migrations" ORDER BY "schema_migrations"."version" ASC[0m
Processing by ArticlesController#new as HTML
  Rendering layout layouts/application.html.erb
  Rendering articles/new.html.erb within layouts/application
  Rendered articles/new.html.erb within layouts/application (Duration: 36.0ms | Allocations: 3498)
  Rendered layout layouts/application.html.erb (Duration: 337.6ms | Allocations: 36383)
Completed 200 OK in 468ms (Views: 348.1ms | ActiveRecord: 7.2ms | Allocations: 54125)


Started POST "/articles" for 127.0.0.1 at 2024-04-08 15:08:44 -0600
Processing by ArticlesController#create as TURBO_STREAM
  Parameters: {"authenticity_token"=>"[FILTERED]", "article"=>{"title"=>"El sueno de los heroes", "body"=>"Andres, es un hp que come michisima mierda"}, "commit"=>"Create Article"}
  [1m[36mTRANSACTION (0.1ms)[0m  [1m[36mbegin transaction[0m
  ↳ app/controllers/articles_controller.rb:17:in `create'
  [1m[36mArticle Create (1.7ms)[0m  [1m[32mINSERT INTO "articles" ("title", "body", "created_at", "updated_at") VALUES (?, ?, ?, ?) RETURNING "id"[0m  [["title", "El sueno de los heroes"], ["body", "Andres, es un hp que come michisima mierda"], ["created_at", "2024-04-08 21:08:44.140731"], ["updated_at", "2024-04-08 21:08:44.140731"]]
  ↳ app/controllers/articles_controller.rb:17:in `create'
  [1m[36mTRANSACTION (117.5ms)[0m  [1m[36mcommit transaction[0m
  ↳ app/controllers/articles_controller.rb:17:in `create'
Redirected to http://localhost:3000/articles/2
Completed 302 Found in 127ms (ActiveRecord: 119.2ms | Allocations: 3528)


Started GET "/articles/2" for 127.0.0.1 at 2024-04-08 15:08:44 -0600
Processing by ArticlesController#show as TURBO_STREAM
  Parameters: {"id"=>"2"}
  [1m[36mArticle Load (0.2ms)[0m  [1m[34mSELECT "articles".* FROM "articles" WHERE "articles"."id" = ? LIMIT ?[0m  [["id", 2], ["LIMIT", 1]]
  ↳ app/controllers/articles_controller.rb:7:in `show'
  Rendering layout layouts/application.html.erb
  Rendering articles/show.html.erb within layouts/application
  Rendered articles/show.html.erb within layouts/application (Duration: 0.6ms | Allocations: 144)
  Rendered layout layouts/application.html.erb (Duration: 3.4ms | Allocations: 1390)
Completed 200 OK in 14ms (Views: 4.1ms | ActiveRecord: 0.2ms | Allocations: 5067)


Started GET "/articles/new" for 127.0.0.1 at 2024-04-08 15:09:37 -0600
Processing by ArticlesController#new as HTML
  Rendering layout layouts/application.html.erb
  Rendering articles/new.html.erb within layouts/application
  Rendered articles/new.html.erb within layouts/application (Duration: 11.3ms | Allocations: 728)
  Rendered layout layouts/application.html.erb (Duration: 24.7ms | Allocations: 1810)
Completed 200 OK in 29ms (Views: 27.1ms | ActiveRecord: 0.0ms | Allocations: 2079)


Started GET "/articles/new" for 127.0.0.1 at 2024-04-08 15:09:42 -0600
Processing by ArticlesController#new as HTML
  Rendering layout layouts/application.html.erb
  Rendering articles/new.html.erb within layouts/application
  Rendered articles/new.html.erb within layouts/application (Duration: 1.8ms | Allocations: 733)
  Rendered layout layouts/application.html.erb (Duration: 4.2ms | Allocations: 1815)
Completed 200 OK in 5ms (Views: 4.9ms | ActiveRecord: 0.0ms | Allocations: 2083)


Started GET "/articles/1/edit" for 127.0.0.1 at 2024-04-08 15:22:41 -0600
  [1m[36mActiveRecord::SchemaMigration Load (0.3ms)[0m  [1m[34mSELECT "schema_migrations"."version" FROM "schema_migrations" ORDER BY "schema_migrations"."version" ASC[0m
Processing by ArticlesController#edit as HTML
  Parameters: {"id"=>"1"}
  [1m[36mArticle Load (0.4ms)[0m  [1m[34mSELECT "articles".* FROM "articles" WHERE "articles"."id" = ? LIMIT ?[0m  [["id", 1], ["LIMIT", 1]]
  ↳ app/controllers/articles_controller.rb:26:in `edit'
  Rendering layout layouts/application.html.erb
  Rendering articles/edit.html.erb within layouts/application
  Rendered articles/_form.html.erb (Duration: 18.4ms | Allocations: 3457)
  Rendered articles/edit.html.erb within layouts/application (Duration: 19.9ms | Allocations: 3842)
  Rendered layout layouts/application.html.erb (Duration: 191.2ms | Allocations: 36612)
Completed 200 OK in 274ms (Views: 197.3ms | ActiveRecord: 4.1ms | Allocations: 57743)


Started GET "/articles/1/new" for 127.0.0.1 at 2024-04-08 15:23:01 -0600
  
ActionController::RoutingError (No route matches [GET] "/articles/1/new"):
  
Started GET "/articles/1/create" for 127.0.0.1 at 2024-04-08 15:23:15 -0600
  
ActionController::RoutingError (No route matches [GET] "/articles/1/create"):
  
Started GET "/articles/new" for 127.0.0.1 at 2024-04-08 15:23:28 -0600
Processing by ArticlesController#new as HTML
  Rendering layout layouts/application.html.erb
  Rendering articles/new.html.erb within layouts/application
  Rendered articles/_form.html.erb (Duration: 14.7ms | Allocations: 754)
  Rendered articles/new.html.erb within layouts/application (Duration: 18.8ms | Allocations: 916)
  Rendered layout layouts/application.html.erb (Duration: 24.9ms | Allocations: 2013)
Completed 200 OK in 33ms (Views: 27.1ms | ActiveRecord: 0.0ms | Allocations: 2381)


Started GET "/articles/new" for 127.0.0.1 at 2024-04-08 15:24:05 -0600
Processing by ArticlesController#new as HTML
  Rendering layout layouts/application.html.erb
  Rendering articles/new.html.erb within layouts/application
  Rendered articles/_form.html.erb (Duration: 3.3ms | Allocations: 1192)
  Rendered articles/new.html.erb within layouts/application (Duration: 4.5ms | Allocations: 1429)
  Rendered layout layouts/application.html.erb (Duration: 24.5ms | Allocations: 16122)
Completed 200 OK in 78ms (Views: 27.8ms | ActiveRecord: 3.0ms | Allocations: 20664)


Started GET "/articles/2/edit" for 127.0.0.1 at 2024-04-08 15:24:17 -0600
Processing by ArticlesController#edit as HTML
  Parameters: {"id"=>"2"}
  [1m[36mArticle Load (0.3ms)[0m  [1m[34mSELECT "articles".* FROM "articles" WHERE "articles"."id" = ? LIMIT ?[0m  [["id", 2], ["LIMIT", 1]]
  ↳ app/controllers/articles_controller.rb:26:in `edit'
  Rendering layout layouts/application.html.erb
  Rendering articles/edit.html.erb within layouts/application
  Rendered articles/_form.html.erb (Duration: 12.6ms | Allocations: 759)
  Rendered articles/edit.html.erb within layouts/application (Duration: 16.8ms | Allocations: 926)
  Rendered layout layouts/application.html.erb (Duration: 33.9ms | Allocations: 2004)
Completed 200 OK in 43ms (Views: 36.3ms | ActiveRecord: 0.2ms | Allocations: 3389)


Started PATCH "/articles/2" for 127.0.0.1 at 2024-04-08 15:24:33 -0600
Processing by ArticlesController#update as TURBO_STREAM
  Parameters: {"authenticity_token"=>"[FILTERED]", "article"=>{"title"=>"playaso", "body"=>"antonio mierda"}, "commit"=>"Update Article", "id"=>"2"}
  [1m[36mArticle Load (0.1ms)[0m  [1m[34mSELECT "articles".* FROM "articles" WHERE "articles"."id" = ? LIMIT ?[0m  [["id", 2], ["LIMIT", 1]]
  ↳ app/controllers/articles_controller.rb:30:in `update'
  [1m[36mTRANSACTION (0.1ms)[0m  [1m[36mbegin transaction[0m
  ↳ app/controllers/articles_controller.rb:32:in `update'
  [1m[36mArticle Update (1.7ms)[0m  [1m[33mUPDATE "articles" SET "title" = ?, "body" = ?, "updated_at" = ? WHERE "articles"."id" = ?[0m  [["title", "playaso"], ["body", "antonio mierda"], ["updated_at", "2024-04-08 21:24:33.609293"], ["id", 2]]
  ↳ app/controllers/articles_controller.rb:32:in `update'
  [1m[36mTRANSACTION (121.8ms)[0m  [1m[36mcommit transaction[0m
  ↳ app/controllers/articles_controller.rb:32:in `update'
Redirected to http://localhost:3000/articles/2
Completed 302 Found in 134ms (ActiveRecord: 123.6ms | Allocations: 3945)


Started GET "/articles/2" for 127.0.0.1 at 2024-04-08 15:24:33 -0600
Processing by ArticlesController#show as TURBO_STREAM
  Parameters: {"id"=>"2"}
  [1m[36mArticle Load (0.1ms)[0m  [1m[34mSELECT "articles".* FROM "articles" WHERE "articles"."id" = ? LIMIT ?[0m  [["id", 2], ["LIMIT", 1]]
  ↳ app/controllers/articles_controller.rb:7:in `show'
  Rendering layout layouts/application.html.erb
  Rendering articles/show.html.erb within layouts/application
  Rendered articles/show.html.erb within layouts/application (Duration: 0.7ms | Allocations: 131)
  Rendered layout layouts/application.html.erb (Duration: 3.9ms | Allocations: 1371)
Completed 200 OK in 7ms (Views: 4.8ms | ActiveRecord: 0.1ms | Allocations: 2097)


Started GET "/articles/2edit" for 127.0.0.1 at 2024-04-08 15:24:40 -0600
Processing by ArticlesController#show as HTML
  Parameters: {"id"=>"2edit"}
  [1m[36mArticle Load (0.3ms)[0m  [1m[34mSELECT "articles".* FROM "articles" WHERE "articles"."id" = ? LIMIT ?[0m  [["id", 2], ["LIMIT", 1]]
  ↳ app/controllers/articles_controller.rb:7:in `show'
  Rendering layout layouts/application.html.erb
  Rendering articles/show.html.erb within layouts/application
  Rendered articles/show.html.erb within layouts/application (Duration: 0.1ms | Allocations: 11)
  Rendered layout layouts/application.html.erb (Duration: 5.5ms | Allocations: 1248)
Completed 200 OK in 18ms (Views: 12.8ms | ActiveRecord: 0.3ms | Allocations: 1857)


Started GET "/articles/2/edit" for 127.0.0.1 at 2024-04-08 15:24:48 -0600
Processing by ArticlesController#edit as HTML
  Parameters: {"id"=>"2"}
  [1m[36mArticle Load (0.1ms)[0m  [1m[34mSELECT "articles".* FROM "articles" WHERE "articles"."id" = ? LIMIT ?[0m  [["id", 2], ["LIMIT", 1]]
  ↳ app/controllers/articles_controller.rb:26:in `edit'
  Rendering layout layouts/application.html.erb
  Rendering articles/edit.html.erb within layouts/application
  Rendered articles/_form.html.erb (Duration: 1.9ms | Allocations: 762)
  Rendered articles/edit.html.erb within layouts/application (Duration: 2.2ms | Allocations: 825)
  Rendered layout layouts/application.html.erb (Duration: 5.7ms | Allocations: 1903)
Completed 200 OK in 8ms (Views: 6.4ms | ActiveRecord: 0.1ms | Allocations: 2512)


Started PATCH "/articles/2" for 127.0.0.1 at 2024-04-08 15:25:07 -0600
Processing by ArticlesController#update as TURBO_STREAM
  Parameters: {"authenticity_token"=>"[FILTERED]", "article"=>{"title"=>"Beautiful people", "body"=>"I love potatoes!"}, "commit"=>"Update Article", "id"=>"2"}
  [1m[36mArticle Load (0.1ms)[0m  [1m[34mSELECT "articles".* FROM "articles" WHERE "articles"."id" = ? LIMIT ?[0m  [["id", 2], ["LIMIT", 1]]
  ↳ app/controllers/articles_controller.rb:30:in `update'
  [1m[36mTRANSACTION (0.1ms)[0m  [1m[36mbegin transaction[0m
  ↳ app/controllers/articles_controller.rb:32:in `update'
  [1m[36mArticle Update (1.9ms)[0m  [1m[33mUPDATE "articles" SET "title" = ?, "body" = ?, "updated_at" = ? WHERE "articles"."id" = ?[0m  [["title", "Beautiful people"], ["body", "I love potatoes!"], ["updated_at", "2024-04-08 21:25:07.665249"], ["id", 2]]
  ↳ app/controllers/articles_controller.rb:32:in `update'
  [1m[36mTRANSACTION (0.2ms)[0m  [1m[36mcommit transaction[0m
  ↳ app/controllers/articles_controller.rb:32:in `update'
Redirected to http://localhost:3000/articles/2
Completed 302 Found in 9ms (ActiveRecord: 2.3ms | Allocations: 2348)


Started GET "/articles/2" for 127.0.0.1 at 2024-04-08 15:25:07 -0600
Processing by ArticlesController#show as TURBO_STREAM
  Parameters: {"id"=>"2"}
  [1m[36mArticle Load (0.1ms)[0m  [1m[34mSELECT "articles".* FROM "articles" WHERE "articles"."id" = ? LIMIT ?[0m  [["id", 2], ["LIMIT", 1]]
  ↳ app/controllers/articles_controller.rb:7:in `show'
  Rendering layout layouts/application.html.erb
  Rendering articles/show.html.erb within layouts/application
  Rendered articles/show.html.erb within layouts/application (Duration: 0.1ms | Allocations: 13)
  Rendered layout layouts/application.html.erb (Duration: 3.1ms | Allocations: 1259)
Completed 200 OK in 6ms (Views: 3.8ms | ActiveRecord: 0.1ms | Allocations: 1873)


Started GET "/articles/1/edit" for 127.0.0.1 at 2024-04-08 15:32:39 -0600
  [1m[36mActiveRecord::SchemaMigration Load (0.2ms)[0m  [1m[34mSELECT "schema_migrations"."version" FROM "schema_migrations" ORDER BY "schema_migrations"."version" ASC[0m
Processing by ArticlesController#edit as HTML
  Parameters: {"id"=>"1"}
  [1m[36mArticle Load (0.3ms)[0m  [1m[34mSELECT "articles".* FROM "articles" WHERE "articles"."id" = ? LIMIT ?[0m  [["id", 1], ["LIMIT", 1]]
  ↳ app/controllers/articles_controller.rb:26:in `edit'
  Rendering layout layouts/application.html.erb
  Rendering articles/edit.html.erb within layouts/application
  Rendered articles/_form.html.erb (Duration: 36.2ms | Allocations: 3446)
  Rendered articles/edit.html.erb within layouts/application (Duration: 39.7ms | Allocations: 3836)
  Rendered layout layouts/application.html.erb (Duration: 239.4ms | Allocations: 36522)
Completed 200 OK in 378ms (Views: 253.9ms | ActiveRecord: 4.9ms | Allocations: 57652)


Started GET "/articles/show" for 127.0.0.1 at 2024-04-08 15:32:47 -0600
Processing by ArticlesController#show as HTML
  Parameters: {"id"=>"show"}
  [1m[36mArticle Load (0.8ms)[0m  [1m[34mSELECT "articles".* FROM "articles" WHERE "articles"."id" = ? LIMIT ?[0m  [["id", nil], ["LIMIT", 1]]
  ↳ app/controllers/articles_controller.rb:7:in `show'
Completed 404 Not Found in 79ms (ActiveRecord: 0.7ms | Allocations: 883)


  
ActiveRecord::RecordNotFound (Couldn't find Article with 'id'=show):
  
app/controllers/articles_controller.rb:7:in `show'
Started GET "/articles/show/1" for 127.0.0.1 at 2024-04-08 15:33:24 -0600
  
ActionController::RoutingError (No route matches [GET] "/articles/show/1"):
  
Started GET "/articles/show/2" for 127.0.0.1 at 2024-04-08 15:33:32 -0600
  
ActionController::RoutingError (No route matches [GET] "/articles/show/2"):
  
Started GET "/articles/show" for 127.0.0.1 at 2024-04-08 15:33:40 -0600
Processing by ArticlesController#show as HTML
  Parameters: {"id"=>"show"}
  [1m[36mArticle Load (0.2ms)[0m  [1m[34mSELECT "articles".* FROM "articles" WHERE "articles"."id" = ? LIMIT ?[0m  [["id", nil], ["LIMIT", 1]]
  ↳ app/controllers/articles_controller.rb:7:in `show'
Completed 404 Not Found in 6ms (ActiveRecord: 0.2ms | Allocations: 847)


  
ActiveRecord::RecordNotFound (Couldn't find Article with 'id'=show):
  
app/controllers/articles_controller.rb:7:in `show'
Started GET "/articles1" for 127.0.0.1 at 2024-04-08 15:33:51 -0600
  
ActionController::RoutingError (No route matches [GET] "/articles1"):
  
Started GET "/articles/1" for 127.0.0.1 at 2024-04-08 15:33:55 -0600
Processing by ArticlesController#show as HTML
  Parameters: {"id"=>"1"}
  [1m[36mArticle Load (0.2ms)[0m  [1m[34mSELECT "articles".* FROM "articles" WHERE "articles"."id" = ? LIMIT ?[0m  [["id", 1], ["LIMIT", 1]]
  ↳ app/controllers/articles_controller.rb:7:in `show'
  Rendering layout layouts/application.html.erb
  Rendering articles/show.html.erb within layouts/application
  Rendered articles/show.html.erb within layouts/application (Duration: 4.6ms | Allocations: 196)
  Rendered layout layouts/application.html.erb (Duration: 17.4ms | Allocations: 1456)
Completed 200 OK in 25ms (Views: 20.6ms | ActiveRecord: 0.2ms | Allocations: 2148)


Started GET "/articles/1/edit" for 127.0.0.1 at 2024-04-08 15:34:01 -0600
Processing by ArticlesController#edit as HTML
  Parameters: {"id"=>"1"}
  [1m[36mArticle Load (0.1ms)[0m  [1m[34mSELECT "articles".* FROM "articles" WHERE "articles"."id" = ? LIMIT ?[0m  [["id", 1], ["LIMIT", 1]]
  ↳ app/controllers/articles_controller.rb:26:in `edit'
  Rendering layout layouts/application.html.erb
  Rendering articles/edit.html.erb within layouts/application
  Rendered articles/_form.html.erb (Duration: 2.1ms | Allocations: 751)
  Rendered articles/edit.html.erb within layouts/application (Duration: 2.4ms | Allocations: 814)
  Rendered layout layouts/application.html.erb (Duration: 4.6ms | Allocations: 1892)
Completed 200 OK in 7ms (Views: 5.4ms | ActiveRecord: 0.1ms | Allocations: 2502)


Started GET "/articles/1/edit" for 127.0.0.1 at 2024-04-08 15:34:26 -0600
Processing by ArticlesController#edit as HTML
  Parameters: {"id"=>"1"}
  [1m[36mArticle Load (0.2ms)[0m  [1m[34mSELECT "articles".* FROM "articles" WHERE "articles"."id" = ? LIMIT ?[0m  [["id", 1], ["LIMIT", 1]]
  ↳ app/controllers/articles_controller.rb:26:in `edit'
  Rendering layout layouts/application.html.erb
  Rendering articles/edit.html.erb within layouts/application
  Rendered articles/_form.html.erb (Duration: 3.4ms | Allocations: 765)
  Rendered articles/edit.html.erb within layouts/application (Duration: 3.9ms | Allocations: 828)
  Rendered layout layouts/application.html.erb (Duration: 7.6ms | Allocations: 1906)
Completed 200 OK in 11ms (Views: 8.8ms | ActiveRecord: 0.2ms | Allocations: 2516)


Started GET "/articles/1/edit" for 127.0.0.1 at 2024-04-08 15:34:28 -0600
Processing by ArticlesController#edit as HTML
  Parameters: {"id"=>"1"}
  [1m[36mArticle Load (0.1ms)[0m  [1m[34mSELECT "articles".* FROM "articles" WHERE "articles"."id" = ? LIMIT ?[0m  [["id", 1], ["LIMIT", 1]]
  ↳ app/controllers/articles_controller.rb:26:in `edit'
  Rendering layout layouts/application.html.erb
  Rendering articles/edit.html.erb within layouts/application
  Rendered articles/_form.html.erb (Duration: 1.9ms | Allocations: 747)
  Rendered articles/edit.html.erb within layouts/application (Duration: 2.2ms | Allocations: 810)
  Rendered layout layouts/application.html.erb (Duration: 4.8ms | Allocations: 1903)
Completed 200 OK in 7ms (Views: 5.4ms | ActiveRecord: 0.1ms | Allocations: 2516)


Started GET "/articles/1/edit" for 127.0.0.1 at 2024-04-08 15:43:37 -0600
  [1m[36mActiveRecord::SchemaMigration Load (0.2ms)[0m  [1m[34mSELECT "schema_migrations"."version" FROM "schema_migrations" ORDER BY "schema_migrations"."version" ASC[0m
Processing by ArticlesController#edit as HTML
  Parameters: {"id"=>"1"}
  [1m[36mArticle Load (0.9ms)[0m  [1m[34mSELECT "articles".* FROM "articles" WHERE "articles"."id" = ? LIMIT ?[0m  [["id", 1], ["LIMIT", 1]]
  ↳ app/controllers/articles_controller.rb:26:in `edit'
  Rendering layout layouts/application.html.erb
  Rendering articles/edit.html.erb within layouts/application
  Rendered articles/_form.html.erb (Duration: 35.7ms | Allocations: 3458)
  Rendered articles/edit.html.erb within layouts/application (Duration: 44.7ms | Allocations: 3848)
  Rendered layout layouts/application.html.erb (Duration: 330.8ms | Allocations: 36154)
Completed 200 OK in 592ms (Views: 347.8ms | ActiveRecord: 12.6ms | Allocations: 57284)


Started GET "/articles" for 127.0.0.1 at 2024-04-08 15:44:05 -0600
Processing by ArticlesController#index as HTML
  Rendering layout layouts/application.html.erb
  Rendering articles/index.html.erb within layouts/application
  [1m[36mArticle Load (0.3ms)[0m  [1m[34mSELECT "articles".* FROM "articles"[0m
  ↳ app/views/articles/index.html.erb:4
  Rendered articles/index.html.erb within layouts/application (Duration: 61.1ms | Allocations: 776)
  Rendered layout layouts/application.html.erb (Duration: 74.2ms | Allocations: 2054)
Completed 200 OK in 76ms (Views: 74.9ms | ActiveRecord: 0.3ms | Allocations: 2387)


Started GET "/articles/new" for 127.0.0.1 at 2024-04-08 15:44:09 -0600
Processing by ArticlesController#new as HTML
  Rendering layout layouts/application.html.erb
  Rendering articles/new.html.erb within layouts/application
  Rendered articles/_form.html.erb (Duration: 16.5ms | Allocations: 766)
  Rendered articles/new.html.erb within layouts/application (Duration: 22.1ms | Allocations: 930)
  Rendered layout layouts/application.html.erb (Duration: 31.9ms | Allocations: 2026)
Completed 200 OK in 38ms (Views: 34.5ms | ActiveRecord: 0.0ms | Allocations: 2390)


Started GET "/articles/1" for 127.0.0.1 at 2024-04-08 15:44:16 -0600
Processing by ArticlesController#show as HTML
  Parameters: {"id"=>"1"}
  [1m[36mArticle Load (0.5ms)[0m  [1m[34mSELECT "articles".* FROM "articles" WHERE "articles"."id" = ? LIMIT ?[0m  [["id", 1], ["LIMIT", 1]]
  ↳ app/controllers/articles_controller.rb:7:in `show'
  Rendering layout layouts/application.html.erb
  Rendering articles/show.html.erb within layouts/application
  Rendered articles/show.html.erb within layouts/application (Duration: 1.8ms | Allocations: 260)
  Rendered layout layouts/application.html.erb (Duration: 14.0ms | Allocations: 1499)
Completed 200 OK in 20ms (Views: 15.4ms | ActiveRecord: 0.5ms | Allocations: 2177)


Started GET "/articles" for 127.0.0.1 at 2024-04-08 15:44:20 -0600
Processing by ArticlesController#index as HTML
  Rendering layout layouts/application.html.erb
  Rendering articles/index.html.erb within layouts/application
  [1m[36mArticle Load (0.2ms)[0m  [1m[34mSELECT "articles".* FROM "articles"[0m
  ↳ app/views/articles/index.html.erb:4
  Rendered articles/index.html.erb within layouts/application (Duration: 3.0ms | Allocations: 508)
  Rendered layout layouts/application.html.erb (Duration: 10.6ms | Allocations: 1766)
Completed 200 OK in 12ms (Views: 11.7ms | ActiveRecord: 0.1ms | Allocations: 2028)


Started GET "/articles/2" for 127.0.0.1 at 2024-04-08 15:44:21 -0600
Processing by ArticlesController#show as HTML
  Parameters: {"id"=>"2"}
  [1m[36mArticle Load (0.2ms)[0m  [1m[34mSELECT "articles".* FROM "articles" WHERE "articles"."id" = ? LIMIT ?[0m  [["id", 2], ["LIMIT", 1]]
  ↳ app/controllers/articles_controller.rb:7:in `show'
  Rendering layout layouts/application.html.erb
  Rendering articles/show.html.erb within layouts/application
  Rendered articles/show.html.erb within layouts/application (Duration: 0.4ms | Allocations: 84)
  Rendered layout layouts/application.html.erb (Duration: 3.6ms | Allocations: 1326)
Completed 200 OK in 7ms (Views: 4.3ms | ActiveRecord: 0.2ms | Allocations: 1950)


Started GET "/articles/1" for 127.0.0.1 at 2024-04-08 15:44:25 -0600
Processing by ArticlesController#show as HTML
  Parameters: {"id"=>"1"}
  [1m[36mArticle Load (0.2ms)[0m  [1m[34mSELECT "articles".* FROM "articles" WHERE "articles"."id" = ? LIMIT ?[0m  [["id", 1], ["LIMIT", 1]]
  ↳ app/controllers/articles_controller.rb:7:in `show'
  Rendering layout layouts/application.html.erb
  Rendering articles/show.html.erb within layouts/application
  Rendered articles/show.html.erb within layouts/application (Duration: 0.5ms | Allocations: 82)
  Rendered layout layouts/application.html.erb (Duration: 5.7ms | Allocations: 1321)
Completed 200 OK in 12ms (Views: 7.5ms | ActiveRecord: 0.1ms | Allocations: 1933)


Started DELETE "/articles/1?_method=delete" for 127.0.0.1 at 2024-04-08 15:44:28 -0600
Processing by ArticlesController#destroy as TURBO_STREAM
  Parameters: {"id"=>"1"}
  [1m[36mArticle Load (0.5ms)[0m  [1m[34mSELECT "articles".* FROM "articles" WHERE "articles"."id" = ? LIMIT ?[0m  [["id", 1], ["LIMIT", 1]]
  ↳ app/controllers/articles_controller.rb:41:in `destroy'
  [1m[36mTRANSACTION (0.1ms)[0m  [1m[36mbegin transaction[0m
  ↳ app/controllers/articles_controller.rb:42:in `destroy'
  [1m[36mArticle Destroy (2.3ms)[0m  [1m[31mDELETE FROM "articles" WHERE "articles"."id" = ?[0m  [["id", 1]]
  ↳ app/controllers/articles_controller.rb:42:in `destroy'
  [1m[36mTRANSACTION (43.7ms)[0m  [1m[36mcommit transaction[0m
  ↳ app/controllers/articles_controller.rb:42:in `destroy'
Completed 500 Internal Server Error in 60ms (ActiveRecord: 46.5ms | Allocations: 2541)


  
NameError (undefined local variable or method `rooth_path' for an instance of ArticlesController):
  
app/controllers/articles_controller.rb:45:in `destroy'
Started GET "/articles/1" for 127.0.0.1 at 2024-04-08 15:44:58 -0600
Processing by ArticlesController#show as HTML
  Parameters: {"id"=>"1"}
  [1m[36mArticle Load (0.1ms)[0m  [1m[34mSELECT "articles".* FROM "articles" WHERE "articles"."id" = ? LIMIT ?[0m  [["id", 1], ["LIMIT", 1]]
  ↳ app/controllers/articles_controller.rb:7:in `show'
Completed 404 Not Found in 10ms (ActiveRecord: 3.6ms | Allocations: 3069)


  
ActiveRecord::RecordNotFound (Couldn't find Article with 'id'=1):
  
app/controllers/articles_controller.rb:7:in `show'
Started GET "/articles" for 127.0.0.1 at 2024-04-08 15:45:05 -0600
Processing by ArticlesController#index as HTML
  Rendering layout layouts/application.html.erb
  Rendering articles/index.html.erb within layouts/application
  [1m[36mArticle Load (1.3ms)[0m  [1m[34mSELECT "articles".* FROM "articles"[0m
  ↳ app/views/articles/index.html.erb:4
  Rendered articles/index.html.erb within layouts/application (Duration: 33.4ms | Allocations: 2755)
  Rendered layout layouts/application.html.erb (Duration: 93.8ms | Allocations: 17621)
Completed 200 OK in 106ms (Views: 100.9ms | ActiveRecord: 1.1ms | Allocations: 18478)


Started GET "/articles/2" for 127.0.0.1 at 2024-04-08 15:45:06 -0600
Processing by ArticlesController#show as HTML
  Parameters: {"id"=>"2"}
  [1m[36mArticle Load (0.1ms)[0m  [1m[34mSELECT "articles".* FROM "articles" WHERE "articles"."id" = ? LIMIT ?[0m  [["id", 2], ["LIMIT", 1]]
  ↳ app/controllers/articles_controller.rb:7:in `show'
  Rendering layout layouts/application.html.erb
  Rendering articles/show.html.erb within layouts/application
  Rendered articles/show.html.erb within layouts/application (Duration: 1.1ms | Allocations: 248)
  Rendered layout layouts/application.html.erb (Duration: 9.7ms | Allocations: 1496)
Completed 200 OK in 13ms (Views: 10.5ms | ActiveRecord: 0.1ms | Allocations: 2174)


Started GET "/articles/2" for 127.0.0.1 at 2024-04-08 15:45:07 -0600
Processing by ArticlesController#show as HTML
  Parameters: {"id"=>"2"}
  [1m[36mArticle Load (1.1ms)[0m  [1m[34mSELECT "articles".* FROM "articles" WHERE "articles"."id" = ? LIMIT ?[0m  [["id", 2], ["LIMIT", 1]]
  ↳ app/controllers/articles_controller.rb:7:in `show'
  Rendering layout layouts/application.html.erb
  Rendering articles/show.html.erb within layouts/application
  Rendered articles/show.html.erb within layouts/application (Duration: 1.3ms | Allocations: 84)
  Rendered layout layouts/application.html.erb (Duration: 6.8ms | Allocations: 1320)
Completed 200 OK in 11ms (Views: 7.4ms | ActiveRecord: 1.1ms | Allocations: 1931)


Started GET "/articles/2/edit" for 127.0.0.1 at 2024-04-08 15:45:10 -0600
Processing by ArticlesController#edit as HTML
  Parameters: {"id"=>"2"}
  [1m[36mArticle Load (0.1ms)[0m  [1m[34mSELECT "articles".* FROM "articles" WHERE "articles"."id" = ? LIMIT ?[0m  [["id", 2], ["LIMIT", 1]]
  ↳ app/controllers/articles_controller.rb:26:in `edit'
  Rendering layout layouts/application.html.erb
  Rendering articles/edit.html.erb within layouts/application
  Rendered articles/_form.html.erb (Duration: 9.8ms | Allocations: 1166)
  Rendered articles/edit.html.erb within layouts/application (Duration: 11.0ms | Allocations: 1406)
  Rendered layout layouts/application.html.erb (Duration: 19.8ms | Allocations: 2484)
Completed 200 OK in 25ms (Views: 20.6ms | ActiveRecord: 0.1ms | Allocations: 3163)


Started GET "/articles/2" for 127.0.0.1 at 2024-04-08 15:45:12 -0600
Processing by ArticlesController#show as HTML
  Parameters: {"id"=>"2"}
  [1m[36mArticle Load (0.1ms)[0m  [1m[34mSELECT "articles".* FROM "articles" WHERE "articles"."id" = ? LIMIT ?[0m  [["id", 2], ["LIMIT", 1]]
  ↳ app/controllers/articles_controller.rb:7:in `show'
  Rendering layout layouts/application.html.erb
  Rendering articles/show.html.erb within layouts/application
  Rendered articles/show.html.erb within layouts/application (Duration: 1.5ms | Allocations: 84)
  Rendered layout layouts/application.html.erb (Duration: 11.3ms | Allocations: 1335)
Completed 200 OK in 16ms (Views: 12.1ms | ActiveRecord: 0.1ms | Allocations: 1946)


  [1m[36mActiveRecord::InternalMetadata Load (0.3ms)[0m  [1m[34mSELECT * FROM "ar_internal_metadata" WHERE "ar_internal_metadata"."key" = ? ORDER BY "ar_internal_metadata"."key" ASC LIMIT 1[0m  [[nil, "environment"]]
  [1m[36mActiveRecord::SchemaMigration Load (0.2ms)[0m  [1m[34mSELECT "schema_migrations"."version" FROM "schema_migrations" ORDER BY "schema_migrations"."version" ASC[0m
Migrating to CreateComments (20240408214632)
  [1m[36mTRANSACTION (0.1ms)[0m  [1m[36mbegin transaction[0m
  [1m[35m (2.9ms)[0m  [1m[35mCREATE TABLE "comments" ("id" integer PRIMARY KEY AUTOINCREMENT NOT NULL, "commenter" varchar, "body" text, "article_id" integer NOT NULL, "created_at" datetime(6) NOT NULL, "updated_at" datetime(6) NOT NULL, CONSTRAINT "fk_rails_3bf61a60d3"
FOREIGN KEY ("article_id")
  REFERENCES "articles" ("id")
)[0m
  [1m[35m (0.2ms)[0m  [1m[35mCREATE INDEX "index_comments_on_article_id" ON "comments" ("article_id")[0m
  [1m[36mActiveRecord::SchemaMigration Create (0.2ms)[0m  [1m[32mINSERT INTO "schema_migrations" ("version") VALUES ('20240408214632') RETURNING "version"[0m
  [1m[36mTRANSACTION (76.3ms)[0m  [1m[36mcommit transaction[0m
  [1m[36mActiveRecord::SchemaMigration Load (0.1ms)[0m  [1m[34mSELECT "schema_migrations"."version" FROM "schema_migrations" ORDER BY "schema_migrations"."version" ASC[0m
  [1m[36mActiveRecord::InternalMetadata Load (0.2ms)[0m  [1m[34mSELECT * FROM "ar_internal_metadata" WHERE "ar_internal_metadata"."key" = ? ORDER BY "ar_internal_metadata"."key" ASC LIMIT 1[0m  [[nil, "environment"]]
  [1m[36mActiveRecord::SchemaMigration Load (0.2ms)[0m  [1m[34mSELECT "schema_migrations"."version" FROM "schema_migrations" ORDER BY "schema_migrations"."version" ASC[0m
Migrating to AddStatusToArticles (20240408224304)
  [1m[36mTRANSACTION (0.1ms)[0m  [1m[36mbegin transaction[0m
  [1m[35m (1.8ms)[0m  [1m[35mALTER TABLE "articles" ADD "status" varchar[0m
  [1m[36mActiveRecord::SchemaMigration Create (0.1ms)[0m  [1m[32mINSERT INTO "schema_migrations" ("version") VALUES ('20240408224304') RETURNING "version"[0m
  [1m[36mTRANSACTION (0.2ms)[0m  [1m[36mcommit transaction[0m
Migrating to AddStatusToComments (20240408224334)
  [1m[36mTRANSACTION (0.1ms)[0m  [1m[36mbegin transaction[0m
  [1m[35m (2.0ms)[0m  [1m[35mALTER TABLE "comments" ADD "status" varchar[0m
  [1m[36mActiveRecord::SchemaMigration Create (0.2ms)[0m  [1m[32mINSERT INTO "schema_migrations" ("version") VALUES ('20240408224334') RETURNING "version"[0m
  [1m[36mTRANSACTION (0.3ms)[0m  [1m[36mcommit transaction[0m
  [1m[36mActiveRecord::SchemaMigration Load (0.2ms)[0m  [1m[34mSELECT "schema_migrations"."version" FROM "schema_migrations" ORDER BY "schema_migrations"."version" ASC[0m
  [1m[36mArticle Update All (0.2ms)[0m  [1m[33mUPDATE "articles" SET "status" = ?[0m  [["status", "public"]]
  [1m[36mComment Update All (0.1ms)[0m  [1m[33mUPDATE "comments" SET "status" = ?[0m  [["status", "public"]]
Started GET "/articles/new" for 127.0.0.1 at 2024-04-08 17:19:59 -0600
  [1m[36mActiveRecord::SchemaMigration Load (0.3ms)[0m  [1m[34mSELECT "schema_migrations"."version" FROM "schema_migrations" ORDER BY "schema_migrations"."version" ASC[0m
Processing by ArticlesController#new as HTML
  Rendering layout layouts/application.html.erb
  Rendering articles/new.html.erb within layouts/application
  Rendered articles/_form.html.erb (Duration: 29.0ms | Allocations: 4902)
  Rendered articles/new.html.erb within layouts/application (Duration: 32.2ms | Allocations: 5281)
  Rendered layout layouts/application.html.erb (Duration: 33.9ms | Allocations: 5398)
Completed 500 Internal Server Error in 176ms (ActiveRecord: 2.5ms | Allocations: 25168)


  
ActionView::Template::Error (undefined local variable or method `form' for an instance of #<Class:0x00007f64c4d23c20>):
    21:   <% end %>
    22: 
    23:   <div>
    24:   <%= form.label :status %><br>
    25:   <%= form.select :status, Visible::VALID_STATUSES, selected: article.status || 'public' %>
    26: </div>
    27: 
  
app/views/articles/_form.html.erb:24
app/views/articles/new.html.erb:3
Started GET "/articles/new" for 127.0.0.1 at 2024-04-08 17:20:10 -0600
Processing by ArticlesController#new as HTML
  Rendering layout layouts/application.html.erb
  Rendering articles/new.html.erb within layouts/application
  Rendered articles/_form.html.erb (Duration: 4.6ms | Allocations: 1849)
  Rendered articles/new.html.erb within layouts/application (Duration: 5.2ms | Allocations: 1912)
  Rendered layout layouts/application.html.erb (Duration: 5.6ms | Allocations: 2003)
Completed 500 Internal Server Error in 7ms (ActiveRecord: 0.0ms | Allocations: 2253)


  
ActionView::Template::Error (undefined local variable or method `form' for an instance of #<Class:0x00007f64c4d23c20>):
    21:   <% end %>
    22: 
    23:   <div>
    24:   <%= form.label :status %><br>
    25:   <%= form.select :status, Visible::VALID_STATUSES, selected: article.status || 'public' %>
    26: </div>
    27: 
  
app/views/articles/_form.html.erb:24
app/views/articles/new.html.erb:3
Started GET "/articles" for 127.0.0.1 at 2024-04-08 17:20:14 -0600
Processing by ArticlesController#index as HTML
  Rendering layout layouts/application.html.erb
  Rendering articles/index.html.erb within layouts/application
  Rendered articles/index.html.erb within layouts/application (Duration: 10.5ms | Allocations: 1141)
  Rendered layout layouts/application.html.erb (Duration: 14.3ms | Allocations: 1232)
Completed 500 Internal Server Error in 75ms (ActiveRecord: 0.0ms | Allocations: 11872)


  
ActionView::Template::Error (undefined method `public_count' for class Article):
    1: <h1>Articles</h1>
    2: 
    3: Our blog has <%= Article.public_count %> articles and counting!
    4: 
    5: <ul>
    6:   <% @articles.each do |article| %>
  
app/views/articles/index.html.erb:3
Started GET "/" for 127.0.0.1 at 2024-04-08 17:20:30 -0600
Processing by ArticlesController#index as HTML
  Rendering layout layouts/application.html.erb
  Rendering articles/index.html.erb within layouts/application
  Rendered articles/index.html.erb within layouts/application (Duration: 4.5ms | Allocations: 998)
  Rendered layout layouts/application.html.erb (Duration: 6.8ms | Allocations: 1089)
Completed 500 Internal Server Error in 11ms (ActiveRecord: 0.0ms | Allocations: 1323)


  
ActionView::Template::Error (undefined method `public_count' for class Article):
    1: <h1>Articles</h1>
    2: 
    3: Our blog has <%= Article.public_count %> articles and counting!
    4: 
    5: <ul>
    6:   <% @articles.each do |article| %>
  
app/views/articles/index.html.erb:3
Started GET "/" for 127.0.0.1 at 2024-04-08 17:23:02 -0600
Processing by ArticlesController#index as HTML
  Rendering layout layouts/application.html.erb
  Rendering articles/index.html.erb within layouts/application
  Rendered articles/index.html.erb within layouts/application (Duration: 1.4ms | Allocations: 1161)
  Rendered layout layouts/application.html.erb (Duration: 1.8ms | Allocations: 1253)
Completed 500 Internal Server Error in 11ms (ActiveRecord: 0.0ms | Allocations: 3584)


  
ActionView::Template::Error (undefined method `public_count' for class Article):
    1: <h1>Articles</h1>
    2: 
    3: Our blog has <%= Article.public_count %> articles and counting!
    4: 
    5: <ul>
    6:   <% @articles.each do |article| %>
  
app/views/articles/index.html.erb:3
Started GET "/" for 127.0.0.1 at 2024-04-08 17:23:06 -0600
Processing by ArticlesController#index as HTML
  Rendering layout layouts/application.html.erb
  Rendering articles/index.html.erb within layouts/application
  Rendered articles/index.html.erb within layouts/application (Duration: 3.2ms | Allocations: 999)
  Rendered layout layouts/application.html.erb (Duration: 4.5ms | Allocations: 1090)
Completed 500 Internal Server Error in 8ms (ActiveRecord: 0.0ms | Allocations: 1332)


  
ActionView::Template::Error (undefined method `public_count' for class Article):
    1: <h1>Articles</h1>
    2: 
    3: Our blog has <%= Article.public_count %> articles and counting!
    4: 
    5: <ul>
    6:   <% @articles.each do |article| %>
  
app/views/articles/index.html.erb:3
Started GET "/" for 127.0.0.1 at 2024-04-08 17:24:55 -0600
Processing by ArticlesController#index as HTML
  Rendering layout layouts/application.html.erb
  Rendering articles/index.html.erb within layouts/application
  [1m[36mArticle Count (0.2ms)[0m  [1m[34mSELECT COUNT(*) FROM "articles" WHERE "articles"."status" = ?[0m  [["status", "public"]]
  ↳ app/controllers/concerns/visible.rb:12:in `public_count'
  [1m[36mArticle Load (0.1ms)[0m  [1m[34mSELECT "articles".* FROM "articles"[0m
  ↳ app/views/articles/index.html.erb:6
  Rendered articles/index.html.erb within layouts/application (Duration: 14.3ms | Allocations: 5644)
  Rendered layout layouts/application.html.erb (Duration: 99.2ms | Allocations: 38643)
Completed 200 OK in 111ms (Views: 99.4ms | ActiveRecord: 2.6ms | Allocations: 41137)


Started GET "/" for 127.0.0.1 at 2024-04-08 17:32:06 -0600
Processing by ArticlesController#index as HTML
  Rendering layout layouts/application.html.erb
  Rendering articles/index.html.erb within layouts/application
  [1m[36mArticle Count (1.2ms)[0m  [1m[34mSELECT COUNT(*) FROM "articles" WHERE "articles"."status" = ?[0m  [["status", "public"]]
  ↳ app/controllers/concerns/visible.rb:12:in `public_count'
  [1m[36mArticle Load (1.1ms)[0m  [1m[34mSELECT "articles".* FROM "articles"[0m
  ↳ app/views/articles/index.html.erb:6
  Rendered articles/index.html.erb within layouts/application (Duration: 12.5ms | Allocations: 3948)
  Rendered layout layouts/application.html.erb (Duration: 35.6ms | Allocations: 18848)
Completed 200 OK in 48ms (Views: 35.2ms | ActiveRecord: 2.8ms | Allocations: 21320)


Started GET "/articles/new" for 127.0.0.1 at 2024-04-08 17:32:08 -0600
Processing by ArticlesController#new as HTML
Filter chain halted as #<Proc:0x00007f64c79867b8 /home/brian/.asdf/installs/ruby/3.3.0/lib/ruby/gems/3.3.0/gems/actionpack-7.1.3.2/lib/action_controller/metal/http_authentication.rb:79> rendered or redirected
Completed 401 Unauthorized in 1ms (ActiveRecord: 0.0ms | Allocations: 125)


